Using pre-set license
Built from '2021.1/release' branch; Version is '2021.1.4f1 (4cd64a618c1b) revision 5035594'; Using compiler version '192528614'; Build Type 'Release'
OS: 'Windows 10 Pro; OS build 19042.1415; Version 2009; 64bit' Language: 'en' Physical Memory: 8083 MB
BatchMode: 1, IsHumanControllingUs: 0, StartBugReporterOnCrash: 0, Is64bit: 1, IsPro: 0

 COMMAND LINE ARGUMENTS:
C:\Program Files\Unity\Hub\Editor\2021.1.4f1\Editor\Unity.exe
-adb2
-batchMode
-noUpm
-name
AssetImportWorker1
-projectPath
E:/Users/OneDrive/Documents/Unity/AOT_Trial
-logFile
Logs/AssetImportWorker1.log
-srvPort
51003
Successfully changed project path to: E:/Users/OneDrive/Documents/Unity/AOT_Trial
E:/Users/OneDrive/Documents/Unity/AOT_Trial
Using Asset Import Pipeline V2.
Refreshing native plugins compatible for Editor in 108.51 ms, found 4 plugins.
Preloading 1 native plugins for Editor in 0.97 ms.
Initialize engine version: 2021.1.4f1 (4cd64a618c1b)
[Subsystems] Discovering subsystems at path C:/Program Files/Unity/Hub/Editor/2021.1.4f1/Editor/Data/Resources/UnitySubsystems
[Subsystems] Discovering subsystems at path E:/Users/OneDrive/Documents/Unity/AOT_Trial/Assets
GfxDevice: creating device client; threaded=0; jobified=0
Direct3D:
    Version:  Direct3D 11.0 [level 11.1]
    Renderer: Intel(R) UHD Graphics 620 (ID=0x5917)
    Vendor:   Intel
    VRAM:     4041 MB
    Driver:   27.20.100.8854
Initialize mono
Mono path[0] = 'C:/Program Files/Unity/Hub/Editor/2021.1.4f1/Editor/Data/Managed'
Mono path[1] = 'C:/Program Files/Unity/Hub/Editor/2021.1.4f1/Editor/Data/MonoBleedingEdge/lib/mono/unityjit'
Mono config path = 'C:/Program Files/Unity/Hub/Editor/2021.1.4f1/Editor/Data/MonoBleedingEdge/etc'
Using monoOptions --debugger-agent=transport=dt_socket,embedding=1,server=y,suspend=n,address=127.0.0.1:56416
Begin MonoManager ReloadAssembly
Registering precompiled unity dll's ...
Register platform support module: C:/Program Files/Unity/Hub/Editor/2021.1.4f1/Editor/Data/PlaybackEngines/WebGLSupport/UnityEditor.WebGL.Extensions.dll
Register platform support module: C:/Program Files/Unity/Hub/Editor/2021.1.4f1/Editor/Data/PlaybackEngines/WindowsStandaloneSupport/UnityEditor.WindowsStandalone.Extensions.dll
Registered in 0.002706 seconds.
Native extension for WindowsStandalone target not found
Native extension for WebGL target not found
Refreshing native plugins compatible for Editor in 104.99 ms, found 4 plugins.
Preloading 1 native plugins for Editor in 0.06 ms.
Mono: successfully reloaded assembly
- Completed reload, in  2.084 seconds
Platform modules already initialized, skipping
Registering precompiled user dll's ...
Registered in 0.003611 seconds.
Begin MonoManager ReloadAssembly
Native extension for WindowsStandalone target not found
Native extension for WebGL target not found
Refreshing native plugins compatible for Editor in 111.36 ms, found 4 plugins.
Preloading 1 native plugins for Editor in 0.10 ms.
[XR] OculusXRPlugin: registering subsystems
[XR] Unable to register display lifecyle provider: [1]
[XR] Oculus Input lifecycle provider registered.
[XR] Unable to register input lifecyle provider: [1]
NullReferenceException: Object reference not set to an instance of an object
  at Unity.XR.Oculus.OculusLoader.AssetPathToAbsolutePath (System.String assetPath) [0x00048] in E:\Users\OneDrive\Documents\Unity\AOT_Trial\Library\PackageCache\com.unity.xr.oculus@1.9.1\Runtime\OculusLoader.cs:249 
  at Unity.XR.Oculus.OculusLoader.EditorLoadOVRPlugin () [0x0007b] in E:\Users\OneDrive\Documents\Unity\AOT_Trial\Library\PackageCache\com.unity.xr.oculus@1.9.1\Runtime\OculusLoader.cs:234 

(Filename: Library/PackageCache/com.unity.xr.oculus@1.9.1/Runtime/OculusLoader.cs Line: 249)

Mono: successfully reloaded assembly
- Completed reload, in  2.159 seconds
Platform modules already initialized, skipping
========================================================================
Worker process is ready to serve import requests
Launched and connected shader compiler UnityShaderCompiler.exe after 0.08 seconds
Refreshing native plugins compatible for Editor in 2.56 ms, found 4 plugins.
Preloading 1 native plugins for Editor in 0.20 ms.
Unloading 3395 Unused Serialized files (Serialized files now loaded: 0)
System memory in use before: 137.2 MB.
System memory in use after: 137.4 MB.

Unloading 18 unused Assets to reduce memory usage. Loaded Objects now: 3868.
Total: 7.830300 ms (FindLiveObjects: 0.517000 ms CreateObjectMapping: 0.376600 ms MarkObjects: 6.674100 ms  DeleteObjects: 0.260600 ms)

========================================================================
Received Import Request.
  path: Assets/Prefabs/Hands
  artifactKey: Guid(aa64d64e647f97540ab738d17ba9bb35) Importer(815301076,1909f56bfc062723c751e8b465ee728b)
Start importing Assets/Prefabs/Hands using Guid(aa64d64e647f97540ab738d17ba9bb35) Importer(815301076,1909f56bfc062723c751e8b465ee728b)  -> (artifact id: 'b686e709232ffb075c20ff537d49f0bc') in 0.019997 seconds 
========================================================================
Received Import Request.
  Time since last request: 3.487767 seconds.
  path: Assets/Prefabs/Hands/maini.fbx
  artifactKey: Guid(fe3d651806d48e94f98eae80117a49a6) Importer(815301076,1909f56bfc062723c751e8b465ee728b)
Start importing Assets/Prefabs/Hands/maini.fbx using Guid(fe3d651806d48e94f98eae80117a49a6) Importer(815301076,1909f56bfc062723c751e8b465ee728b)  -> (artifact id: 'e9d22ac0a2ef5e2638eef041f94728cc') in 0.392429 seconds 
========================================================================
Received Import Request.
  Time since last request: 18.669651 seconds.
  path: Assets/Prefabs/Hands/maini.fbx
  artifactKey: Guid(fe3d651806d48e94f98eae80117a49a6) Importer(815301076,1909f56bfc062723c751e8b465ee728b)
Start importing Assets/Prefabs/Hands/maini.fbx using Guid(fe3d651806d48e94f98eae80117a49a6) Importer(815301076,1909f56bfc062723c751e8b465ee728b)  -> (artifact id: '5451de08acad0621f2a88980fa6e9efb') in 0.065410 seconds 
========================================================================
Received Import Request.
  Time since last request: 726.230916 seconds.
  path: Assets/Prefabs/Hands/HandsController.controller
  artifactKey: Guid(268d0b5dbebdf084fa598da95f06fc0b) Importer(815301076,1909f56bfc062723c751e8b465ee728b)
Start importing Assets/Prefabs/Hands/HandsController.controller using Guid(268d0b5dbebdf084fa598da95f06fc0b) Importer(815301076,1909f56bfc062723c751e8b465ee728b)  -> (artifact id: 'd47c4e927d88f9f893e93e54350f00a1') in 0.072502 seconds 
========================================================================
Received Import Request.
  Time since last request: 122.781430 seconds.
  path: Assets/Prefabs/sryurikennset/Materials/Bamboo-cup1-1-128.mat
  artifactKey: Guid(9ef1571901416314a98d5806c1e87696) Importer(815301076,1909f56bfc062723c751e8b465ee728b)
Start importing Assets/Prefabs/sryurikennset/Materials/Bamboo-cup1-1-128.mat using Guid(9ef1571901416314a98d5806c1e87696) Importer(815301076,1909f56bfc062723c751e8b465ee728b)  -> (artifact id: '162a129ddfc30e58e56f4dbeb6968a98') in 0.395337 seconds 
========================================================================
Received Import Request.
  Time since last request: 0.000372 seconds.
  path: Assets/Prefabs/sryurikennset/Materials/syurikenn3-128.mat
  artifactKey: Guid(ecfd5e3b46c471046a5749a35b2e05c0) Importer(815301076,1909f56bfc062723c751e8b465ee728b)
Start importing Assets/Prefabs/sryurikennset/Materials/syurikenn3-128.mat using Guid(ecfd5e3b46c471046a5749a35b2e05c0) Importer(815301076,1909f56bfc062723c751e8b465ee728b)  -> (artifact id: '3c8fa434bdb32c1080e0f27968e5a9a3') in 0.072780 seconds 
========================================================================
Received Import Request.
  Time since last request: 0.000241 seconds.
  path: Assets/Prefabs/Trees.Materials/tree.010.asset
  artifactKey: Guid(5c1cece90ff23c348b2d87ef44a0e962) Importer(815301076,1909f56bfc062723c751e8b465ee728b)
Start importing Assets/Prefabs/Trees.Materials/tree.010.asset using Guid(5c1cece90ff23c348b2d87ef44a0e962) Importer(815301076,1909f56bfc062723c751e8b465ee728b)  -> (artifact id: '999aa8f7df8942459d7f588739073420') in 0.883411 seconds 
========================================================================
Received Import Request.
  Time since last request: 0.000455 seconds.
  path: Assets/Prefabs/Trees.Materials/tree.015.asset
  artifactKey: Guid(d6322871c332dda418c3a61977fcfc06) Importer(815301076,1909f56bfc062723c751e8b465ee728b)
Start importing Assets/Prefabs/Trees.Materials/tree.015.asset using Guid(d6322871c332dda418c3a61977fcfc06) Importer(815301076,1909f56bfc062723c751e8b465ee728b)  -> (artifact id: '8186a93fe6ade5bcf681bd0829aa3a9f') in 0.757428 seconds 
========================================================================
Received Import Request.
  Time since last request: 0.000417 seconds.
  path: Assets/Prefabs/sryurikennset/Materials/makibisi1-128.mat
  artifactKey: Guid(c59d360d0a686da4c860271091d7dd82) Importer(815301076,1909f56bfc062723c751e8b465ee728b)
Start importing Assets/Prefabs/sryurikennset/Materials/makibisi1-128.mat using Guid(c59d360d0a686da4c860271091d7dd82) Importer(815301076,1909f56bfc062723c751e8b465ee728b)  -> (artifact id: '186bc260a77c9a641ded2726478d0ba1') in 0.063705 seconds 
========================================================================
Received Import Request.
  Time since last request: 0.000391 seconds.
  path: Assets/Prefabs/Trees.Materials/tree.001.asset
  artifactKey: Guid(6f78d26dbaaff5742ab0f1cc3f370544) Importer(815301076,1909f56bfc062723c751e8b465ee728b)
Start importing Assets/Prefabs/Trees.Materials/tree.001.asset using Guid(6f78d26dbaaff5742ab0f1cc3f370544) Importer(815301076,1909f56bfc062723c751e8b465ee728b)  -> (artifact id: 'a8e1dd56d5d08b5c592514419c66cf6f') in 0.768244 seconds 
========================================================================
Received Import Request.
  Time since last request: 0.000419 seconds.
  path: Assets/Prefabs/Trees.Materials/tree.012.asset
  artifactKey: Guid(535499d53c2d59c4f9079593d53872b7) Importer(815301076,1909f56bfc062723c751e8b465ee728b)
Start importing Assets/Prefabs/Trees.Materials/tree.012.asset using Guid(535499d53c2d59c4f9079593d53872b7) Importer(815301076,1909f56bfc062723c751e8b465ee728b)  -> (artifact id: '454f07506e79e3947fbc753be1324ea6') in 0.738889 seconds 
========================================================================
Received Import Request.
  Time since last request: 0.000406 seconds.
  path: Assets/Prefabs/sryurikennset/Materials/Bamboo-water-bottle1-1-128.mat
  artifactKey: Guid(5c4e4cfb1e61257428b5cf110ebad3d9) Importer(815301076,1909f56bfc062723c751e8b465ee728b)
Start importing Assets/Prefabs/sryurikennset/Materials/Bamboo-water-bottle1-1-128.mat using Guid(5c4e4cfb1e61257428b5cf110ebad3d9) Importer(815301076,1909f56bfc062723c751e8b465ee728b)  -> (artifact id: '45731ccb964f200accd9e5ebdc8581b5') in 0.064218 seconds 
========================================================================
Received Import Request.
  Time since last request: 0.000247 seconds.
  path: Assets/Prefabs/sryurikennset/Materials/kunai1-128.mat
  artifactKey: Guid(f60b4a2bd96066c45a5e37c3c9d4eacc) Importer(815301076,1909f56bfc062723c751e8b465ee728b)
Start importing Assets/Prefabs/sryurikennset/Materials/kunai1-128.mat using Guid(f60b4a2bd96066c45a5e37c3c9d4eacc) Importer(815301076,1909f56bfc062723c751e8b465ee728b)  -> (artifact id: '3b80439be2e8b447136b3cc8c79928dd') in 0.048246 seconds 
========================================================================
Received Import Request.
  Time since last request: 0.000345 seconds.
  path: Assets/Prefabs/sryurikennset/Materials/takeyari1-1-128.mat
  artifactKey: Guid(96d67f97dee4be74290d4968f5a9b904) Importer(815301076,1909f56bfc062723c751e8b465ee728b)
Start importing Assets/Prefabs/sryurikennset/Materials/takeyari1-1-128.mat using Guid(96d67f97dee4be74290d4968f5a9b904) Importer(815301076,1909f56bfc062723c751e8b465ee728b)  -> (artifact id: 'ed71c7879aa91a0bf324c1e3f222598d') in 0.107899 seconds 
========================================================================
Received Import Request.
  Time since last request: 0.000709 seconds.
  path: Assets/Prefabs/Trees.Materials/tree.013.asset
  artifactKey: Guid(83780bf571096114b95e0a0732e70f4d) Importer(815301076,1909f56bfc062723c751e8b465ee728b)
Start importing Assets/Prefabs/Trees.Materials/tree.013.asset using Guid(83780bf571096114b95e0a0732e70f4d) Importer(815301076,1909f56bfc062723c751e8b465ee728b)  -> (artifact id: '0e8664f9115488cbfb3914fb0de9ef83') in 0.774184 seconds 
========================================================================
Received Import Request.
  Time since last request: 0.000504 seconds.
  path: Assets/Prefabs/sryurikennset/Materials/Bamboo-cup1-4-128.mat
  artifactKey: Guid(879f8ebb05e37ef4a8aa34bc2f212d47) Importer(815301076,1909f56bfc062723c751e8b465ee728b)
Start importing Assets/Prefabs/sryurikennset/Materials/Bamboo-cup1-4-128.mat using Guid(879f8ebb05e37ef4a8aa34bc2f212d47) Importer(815301076,1909f56bfc062723c751e8b465ee728b)  -> (artifact id: 'f1b13ca54330619124c3a24366c28f0c') in 0.116437 seconds 
========================================================================
Received Import Request.
  Time since last request: 0.000247 seconds.
  path: Assets/Prefabs/sryurikennset/Materials/makimono1-1-128.mat
  artifactKey: Guid(22f11a740d5b70940934981b2c917ff6) Importer(815301076,1909f56bfc062723c751e8b465ee728b)
Start importing Assets/Prefabs/sryurikennset/Materials/makimono1-1-128.mat using Guid(22f11a740d5b70940934981b2c917ff6) Importer(815301076,1909f56bfc062723c751e8b465ee728b)  -> (artifact id: 'd6fa2f0f5d7f62aad01868607d689c1b') in 0.054262 seconds 
========================================================================
Received Import Request.
  Time since last request: 0.000331 seconds.
  path: Assets/Prefabs/sryurikennset/Materials/syurikenn2-128.mat
  artifactKey: Guid(e388b1f2f330c454a838e3b2bffbc241) Importer(815301076,1909f56bfc062723c751e8b465ee728b)
Start importing Assets/Prefabs/sryurikennset/Materials/syurikenn2-128.mat using Guid(e388b1f2f330c454a838e3b2bffbc241) Importer(815301076,1909f56bfc062723c751e8b465ee728b)  -> (artifact id: '9a368100d7a356a1b7dde8819c594bb9') in 0.052766 seconds 
========================================================================
Received Import Request.
  Time since last request: 0.000508 seconds.
  path: Assets/Prefabs/sryurikennset/Materials/makimono1-2-128.mat
  artifactKey: Guid(dfaca56ed5875a54b94a7002475d7d69) Importer(815301076,1909f56bfc062723c751e8b465ee728b)
Start importing Assets/Prefabs/sryurikennset/Materials/makimono1-2-128.mat using Guid(dfaca56ed5875a54b94a7002475d7d69) Importer(815301076,1909f56bfc062723c751e8b465ee728b)  -> (artifact id: '70ce50e86f2b0eb200956077cc7fcd66') in 0.095232 seconds 
========================================================================
Received Import Request.
  Time since last request: 0.000338 seconds.
  path: Assets/Prefabs/sryurikennset/Materials/kunai1-128m.mat
  artifactKey: Guid(961ee9ba0ca18744cbb10684f2d61191) Importer(815301076,1909f56bfc062723c751e8b465ee728b)
Start importing Assets/Prefabs/sryurikennset/Materials/kunai1-128m.mat using Guid(961ee9ba0ca18744cbb10684f2d61191) Importer(815301076,1909f56bfc062723c751e8b465ee728b)  -> (artifact id: 'cde94d3fc124a399c355cd8bd68e71de') in 0.016137 seconds 
========================================================================
Received Import Request.
  Time since last request: 0.000338 seconds.
  path: Assets/Prefabs/sryurikennset/Materials/syurikenn1-128m.mat
  artifactKey: Guid(22dc54f0e48429245854d1b167db63f5) Importer(815301076,1909f56bfc062723c751e8b465ee728b)
Start importing Assets/Prefabs/sryurikennset/Materials/syurikenn1-128m.mat using Guid(22dc54f0e48429245854d1b167db63f5) Importer(815301076,1909f56bfc062723c751e8b465ee728b)  -> (artifact id: 'dc560d689bce21dbd26c87530e1cf5a2') in 0.077215 seconds 
========================================================================
Received Import Request.
  Time since last request: 0.000482 seconds.
  path: Assets/Prefabs/Claw/Claw.fbx
  artifactKey: Guid(db772df3eb0d54041a2e41291680a282) Importer(815301076,1909f56bfc062723c751e8b465ee728b)
Start importing Assets/Prefabs/Claw/Claw.fbx using Guid(db772df3eb0d54041a2e41291680a282) Importer(815301076,1909f56bfc062723c751e8b465ee728b)  -> (artifact id: '1606f4973177d516fde1ca762d66c446') in 0.102703 seconds 
========================================================================
Received Import Request.
  Time since last request: 0.000346 seconds.
  path: Assets/Prefabs/Trees.Materials/tree.011.asset
  artifactKey: Guid(a6da5c7dfe5cad24499a9a16da9ddeda) Importer(815301076,1909f56bfc062723c751e8b465ee728b)
Start importing Assets/Prefabs/Trees.Materials/tree.011.asset using Guid(a6da5c7dfe5cad24499a9a16da9ddeda) Importer(815301076,1909f56bfc062723c751e8b465ee728b)  -> (artifact id: '39b8e5b2d8c8a78b07a0e838a102378b') in 0.700625 seconds 
========================================================================
Received Import Request.
  Time since last request: 0.000558 seconds.
  path: Assets/Prefabs/sryurikennset/Materials/makimono1-3-128.mat
  artifactKey: Guid(660ed04038ac0d04badd7ec733a59a3a) Importer(815301076,1909f56bfc062723c751e8b465ee728b)
Start importing Assets/Prefabs/sryurikennset/Materials/makimono1-3-128.mat using Guid(660ed04038ac0d04badd7ec733a59a3a) Importer(815301076,1909f56bfc062723c751e8b465ee728b)  -> (artifact id: 'c2c65160b799b0dfff2c5db8cb1733d2') in 0.066253 seconds 
========================================================================
Received Import Request.
  Time since last request: 0.000392 seconds.
  path: Assets/Prefabs/sryurikennset/Materials/syurikenn3-128m.mat
  artifactKey: Guid(9da14db8f2e04f648a7a5a8acc7d1cad) Importer(815301076,1909f56bfc062723c751e8b465ee728b)
Start importing Assets/Prefabs/sryurikennset/Materials/syurikenn3-128m.mat using Guid(9da14db8f2e04f648a7a5a8acc7d1cad) Importer(815301076,1909f56bfc062723c751e8b465ee728b)  -> (artifact id: '1b4743f60e70997447b01f35f31ec4f5') in 0.043852 seconds 
========================================================================
Received Import Request.
  Time since last request: 0.000244 seconds.
  path: Assets/UniGLTF/UniHumanoid/Scenes/target.mat
  artifactKey: Guid(94b4b45712e88334c9e7c5ecc53c50e6) Importer(815301076,1909f56bfc062723c751e8b465ee728b)
Start importing Assets/UniGLTF/UniHumanoid/Scenes/target.mat using Guid(94b4b45712e88334c9e7c5ecc53c50e6) Importer(815301076,1909f56bfc062723c751e8b465ee728b)  -> (artifact id: '00cd0f80d71fd68d89f72cd203a77a32') in 0.039509 seconds 
========================================================================
Received Import Request.
  Time since last request: 0.000274 seconds.
  path: Assets/Prefabs/sryurikennset/Materials/syurikenn2-128m.mat
  artifactKey: Guid(1222e87a4ff2d354eb9408c01d369c37) Importer(815301076,1909f56bfc062723c751e8b465ee728b)
Start importing Assets/Prefabs/sryurikennset/Materials/syurikenn2-128m.mat using Guid(1222e87a4ff2d354eb9408c01d369c37) Importer(815301076,1909f56bfc062723c751e8b465ee728b)  -> (artifact id: 'a7777a0df83ee06ce6a42bab59136b5e') in 0.047711 seconds 
========================================================================
Received Import Request.
  Time since last request: 0.000395 seconds.
  path: Assets/Prefabs/sryurikennset/Materials/Bamboo-cup1-2-128.mat
  artifactKey: Guid(e22dfd40cf1329a44b0bc8db47f76e3e) Importer(815301076,1909f56bfc062723c751e8b465ee728b)
Start importing Assets/Prefabs/sryurikennset/Materials/Bamboo-cup1-2-128.mat using Guid(e22dfd40cf1329a44b0bc8db47f76e3e) Importer(815301076,1909f56bfc062723c751e8b465ee728b)  -> (artifact id: 'ce42ab431c47de4a1ec2a1c4a0868511') in 0.061337 seconds 
========================================================================
Received Import Request.
  Time since last request: 0.000507 seconds.
  path: Assets/Prefabs/sryurikennset/Materials/Bamboo-cup1-3-128.mat
  artifactKey: Guid(7328978c7bce959418f570052c773988) Importer(815301076,1909f56bfc062723c751e8b465ee728b)
Start importing Assets/Prefabs/sryurikennset/Materials/Bamboo-cup1-3-128.mat using Guid(7328978c7bce959418f570052c773988) Importer(815301076,1909f56bfc062723c751e8b465ee728b)  -> (artifact id: 'db81fa8ed7ea2e7310598753c1fc6c19') in 0.037446 seconds 
========================================================================
Received Import Request.
  Time since last request: 0.000295 seconds.
  path: Assets/Prefabs/Trees.Materials/tree.014.asset
  artifactKey: Guid(846d080397eac0f4a8586547a55c46d6) Importer(815301076,1909f56bfc062723c751e8b465ee728b)
Start importing Assets/Prefabs/Trees.Materials/tree.014.asset using Guid(846d080397eac0f4a8586547a55c46d6) Importer(815301076,1909f56bfc062723c751e8b465ee728b)  -> (artifact id: '1964fe2b07466a9541e21c0b1a147828') in 1.240436 seconds 
========================================================================
Received Import Request.
  Time since last request: 0.000468 seconds.
  path: Assets/Prefabs/sryurikennset/Materials/syurikenn1-128.mat
  artifactKey: Guid(d3aba2186b3d0e34ebc878a578193bf6) Importer(815301076,1909f56bfc062723c751e8b465ee728b)
Start importing Assets/Prefabs/sryurikennset/Materials/syurikenn1-128.mat using Guid(d3aba2186b3d0e34ebc878a578193bf6) Importer(815301076,1909f56bfc062723c751e8b465ee728b)  -> (artifact id: '5840549cea922c123000cd777dbf0af2') in 0.059086 seconds 
========================================================================
Received Import Request.
  Time since last request: 0.000653 seconds.
  path: Assets/Prefabs/sryurikennset/Materials/syurikenn4-128.mat
  artifactKey: Guid(a57d63d113ca3aa4ca6ef2bddbf126dc) Importer(815301076,1909f56bfc062723c751e8b465ee728b)
Start importing Assets/Prefabs/sryurikennset/Materials/syurikenn4-128.mat using Guid(a57d63d113ca3aa4ca6ef2bddbf126dc) Importer(815301076,1909f56bfc062723c751e8b465ee728b)  -> (artifact id: 'b9e9abdc780ed72da55582bb9ad592f0') in 0.040457 seconds 
========================================================================
Received Prepare
Registering precompiled user dll's ...
Registered in 0.002911 seconds.
Begin MonoManager ReloadAssembly
Native extension for WindowsStandalone target not found
Native extension for WebGL target not found
Refreshing native plugins compatible for Editor in 1.01 ms, found 4 plugins.
Preloading 1 native plugins for Editor in 0.06 ms.
NullReferenceException: Object reference not set to an instance of an object
  at Unity.XR.Oculus.OculusLoader.AssetPathToAbsolutePath (System.String assetPath) [0x00048] in E:\Users\OneDrive\Documents\Unity\AOT_Trial\Library\PackageCache\com.unity.xr.oculus@1.9.1\Runtime\OculusLoader.cs:249 
  at Unity.XR.Oculus.OculusLoader.EditorLoadOVRPlugin () [0x0007b] in E:\Users\OneDrive\Documents\Unity\AOT_Trial\Library\PackageCache\com.unity.xr.oculus@1.9.1\Runtime\OculusLoader.cs:234 

(Filename: Library/PackageCache/com.unity.xr.oculus@1.9.1/Runtime/OculusLoader.cs Line: 249)

Mono: successfully reloaded assembly
- Completed reload, in  1.009 seconds
Platform modules already initialized, skipping
Switching build target platform(19) subTarget(0) extendedPlatform(0) -> platform(13) subTarget(524294) extendedPlatform(0)
Refreshing native plugins compatible for Editor in 1.04 ms, found 4 plugins.
Preloading 1 native plugins for Editor in 0.09 ms.
Unloading 3377 Unused Serialized files (Serialized files now loaded: 0)
System memory in use before: 155.1 MB.
System memory in use after: 155.3 MB.

Unloading 11 unused Assets to reduce memory usage. Loaded Objects now: 3919.
Total: 2.712500 ms (FindLiveObjects: 0.323300 ms CreateObjectMapping: 0.163900 ms MarkObjects: 2.150900 ms  DeleteObjects: 0.073500 ms)

AssetImportParameters requested are different than current active one (requested -> active):
  custom:graphics/normal-map-encoding: 01000000000000000000000000000000 -> 02000000000000000000000000000000
========================================================================
Received Import Request.
  Time since last request: 397.282100 seconds.
  path: Assets/Tree9
  artifactKey: Guid(c53fb3d0fde730c4cb9deacc2a167589) Importer(815301076,1909f56bfc062723c751e8b465ee728b)
Start importing Assets/Tree9 using Guid(c53fb3d0fde730c4cb9deacc2a167589) Importer(815301076,1909f56bfc062723c751e8b465ee728b)  -> (artifact id: '309db1fc05cd02f92386b579a6770db5') in 0.044441 seconds 
========================================================================
Received Import Request.
  Time since last request: 324.390929 seconds.
  path: Assets/Tree9/Tree9_4.prefab
  artifactKey: Guid(956bd2acf7aae244dac8fc20cf57858d) Importer(815301076,1909f56bfc062723c751e8b465ee728b)
Start importing Assets/Tree9/Tree9_4.prefab using Guid(956bd2acf7aae244dac8fc20cf57858d) Importer(815301076,1909f56bfc062723c751e8b465ee728b)  -> (artifact id: 'd074403a6ab7c35fd22aaac77ab82197') in 1.512179 seconds 
========================================================================
Received Import Request.
  Time since last request: 99.875182 seconds.
  path: Assets/Tree9/bark14_N.png
  artifactKey: Guid(81f1d63919f88a547a8d97fe857cc586) Importer(815301076,1909f56bfc062723c751e8b465ee728b)
Start importing Assets/Tree9/bark14_N.png using Guid(81f1d63919f88a547a8d97fe857cc586) Importer(815301076,1909f56bfc062723c751e8b465ee728b)  -> (artifact id: '0f2b2a8c1c68063f882fd05db11254a4') in 0.143972 seconds 
========================================================================
Received Prepare
Registering precompiled user dll's ...
Registered in 0.220883 seconds.
Begin MonoManager ReloadAssembly
Native extension for WindowsStandalone target not found
Native extension for WebGL target not found
Refreshing native plugins compatible for Editor in 1.26 ms, found 4 plugins.
Preloading 1 native plugins for Editor in 0.45 ms.
NullReferenceException: Object reference not set to an instance of an object
  at Unity.XR.Oculus.OculusLoader.AssetPathToAbsolutePath (System.String assetPath) [0x00048] in E:\Users\OneDrive\Documents\Unity\AOT_Trial\Library\PackageCache\com.unity.xr.oculus@1.9.1\Runtime\OculusLoader.cs:249 
  at Unity.XR.Oculus.OculusLoader.EditorLoadOVRPlugin () [0x0007b] in E:\Users\OneDrive\Documents\Unity\AOT_Trial\Library\PackageCache\com.unity.xr.oculus@1.9.1\Runtime\OculusLoader.cs:234 

(Filename: Library/PackageCache/com.unity.xr.oculus@1.9.1/Runtime/OculusLoader.cs Line: 249)

Mono: successfully reloaded assembly
- Completed reload, in  2.336 seconds
Platform modules already initialized, skipping
Switching build target platform(19) subTarget(0) extendedPlatform(0) -> platform(13) subTarget(524294) extendedPlatform(0)
Refreshing native plugins compatible for Editor in 0.68 ms, found 4 plugins.
Preloading 1 native plugins for Editor in 0.05 ms.
Unloading 3378 Unused Serialized files (Serialized files now loaded: 0)
System memory in use before: 157.3 MB.
System memory in use after: 157.5 MB.

Unloading 11 unused Assets to reduce memory usage. Loaded Objects now: 3947.
Total: 13.517100 ms (FindLiveObjects: 0.580400 ms CreateObjectMapping: 0.181800 ms MarkObjects: 12.341800 ms  DeleteObjects: 0.411900 ms)

AssetImportParameters requested are different than current active one (requested -> active):
  custom:graphics/normal-map-encoding: 01000000000000000000000000000000 -> 02000000000000000000000000000000
========================================================================
Received Import Request.
  Time since last request: 1123.848676 seconds.
  path: Assets/Prefabs/Hands/HandsController.controller
  artifactKey: Guid(268d0b5dbebdf084fa598da95f06fc0b) Importer(815301076,1909f56bfc062723c751e8b465ee728b)
Start importing Assets/Prefabs/Hands/HandsController.controller using Guid(268d0b5dbebdf084fa598da95f06fc0b) Importer(815301076,1909f56bfc062723c751e8b465ee728b)  -> (artifact id: '586d9cf54e0e226c8248e9586b84d0a3') in 0.130348 seconds 
========================================================================
Received Import Request.
  Time since last request: 118.798549 seconds.
  path: Assets
  artifactKey: Guid(00000000000000001000000000000000) Importer(815301076,1909f56bfc062723c751e8b465ee728b)
Start importing Assets using Guid(00000000000000001000000000000000) Importer(815301076,1909f56bfc062723c751e8b465ee728b)  -> (artifact id: '9222b99937b918022a9cc33b6e833563') in 0.001991 seconds 
========================================================================
Received Import Request.
  Time since last request: 7.286920 seconds.
  path: Assets/Terrain
  artifactKey: Guid(940743a48881ff0479cdde19bfdaa34b) Importer(815301076,1909f56bfc062723c751e8b465ee728b)
Start importing Assets/Terrain using Guid(940743a48881ff0479cdde19bfdaa34b) Importer(815301076,1909f56bfc062723c751e8b465ee728b)  -> (artifact id: '412b43186fc7c2b1ad0b31ae06470c19') in 0.003497 seconds 
========================================================================
Received Import Request.
  Time since last request: 127.534269 seconds.
  path: Assets/Terrain/forrest_ground_01_diff_8k.jpg
  artifactKey: Guid(194843b144ffc6d4bbb6fef9dcc98dd8) Importer(815301076,1909f56bfc062723c751e8b465ee728b)
Start importing Assets/Terrain/forrest_ground_01_diff_8k.jpg using Guid(194843b144ffc6d4bbb6fef9dcc98dd8) Importer(815301076,1909f56bfc062723c751e8b465ee728b)  -> (artifact id: '97fa0efababb0b9ee356bcd2e1666f26') in 0.472705 seconds 
========================================================================
Received Import Request.
  Time since last request: 45.524992 seconds.
  path: Assets/Terrain/forrest_ground_01_diff_8k.jpg
  artifactKey: Guid(194843b144ffc6d4bbb6fef9dcc98dd8) Importer(815301076,1909f56bfc062723c751e8b465ee728b)
Start importing Assets/Terrain/forrest_ground_01_diff_8k.jpg using Guid(194843b144ffc6d4bbb6fef9dcc98dd8) Importer(815301076,1909f56bfc062723c751e8b465ee728b)  -> (artifact id: 'a29eeb5d9521085e3280af7c8fd60ec1') in 0.346401 seconds 
========================================================================
Received Import Request.
  Time since last request: 1444.652932 seconds.
  path: Assets/SkySeries Freebie
  artifactKey: Guid(fa7746778eeb061418b8bd87f849b1d4) Importer(815301076,1909f56bfc062723c751e8b465ee728b)
Start importing Assets/SkySeries Freebie using Guid(fa7746778eeb061418b8bd87f849b1d4) Importer(815301076,1909f56bfc062723c751e8b465ee728b)  -> (artifact id: '78ac6b2dbd62494828a08a96ed19cc20') in 0.010234 seconds 
========================================================================
Received Import Request.
  Time since last request: 10.227381 seconds.
  path: Assets/SkySeries Freebie/FreebieHdri/DarkStorm4K.hdr
  artifactKey: Guid(762f22ba43541df4e95e0e7126e8d96c) Importer(815301076,1909f56bfc062723c751e8b465ee728b)
Start importing Assets/SkySeries Freebie/FreebieHdri/DarkStorm4K.hdr using Guid(762f22ba43541df4e95e0e7126e8d96c) Importer(815301076,1909f56bfc062723c751e8b465ee728b)  -> (artifact id: '4f06584fe61a41e0aafdcc06d8be1430') in 3.028194 seconds 
========================================================================
Received Prepare
Registering precompiled user dll's ...
Registered in 0.250550 seconds.
Begin MonoManager ReloadAssembly
Native extension for WindowsStandalone target not found
Native extension for WebGL target not found
Refreshing native plugins compatible for Editor in 2.69 ms, found 4 plugins.
Preloading 1 native plugins for Editor in 0.18 ms.
NullReferenceException: Object reference not set to an instance of an object
  at Unity.XR.Oculus.OculusLoader.AssetPathToAbsolutePath (System.String assetPath) [0x00048] in E:\Users\OneDrive\Documents\Unity\AOT_Trial\Library\PackageCache\com.unity.xr.oculus@1.9.1\Runtime\OculusLoader.cs:249 
  at Unity.XR.Oculus.OculusLoader.EditorLoadOVRPlugin () [0x0007b] in E:\Users\OneDrive\Documents\Unity\AOT_Trial\Library\PackageCache\com.unity.xr.oculus@1.9.1\Runtime\OculusLoader.cs:234 

(Filename: Library/PackageCache/com.unity.xr.oculus@1.9.1/Runtime/OculusLoader.cs Line: 249)

Mono: successfully reloaded assembly
- Completed reload, in  8.163 seconds
Platform modules already initialized, skipping
Switching build target platform(19) subTarget(0) extendedPlatform(0) -> platform(13) subTarget(524294) extendedPlatform(0)
Refreshing native plugins compatible for Editor in 3.14 ms, found 4 plugins.
Preloading 1 native plugins for Editor in 0.29 ms.
Unloading 3379 Unused Serialized files (Serialized files now loaded: 0)
System memory in use before: 174.7 MB.
System memory in use after: 175.0 MB.

Unloading 11 unused Assets to reduce memory usage. Loaded Objects now: 3999.
Total: 19.419100 ms (FindLiveObjects: 1.032600 ms CreateObjectMapping: 1.698900 ms MarkObjects: 16.121400 ms  DeleteObjects: 0.563100 ms)

AssetImportParameters requested are different than current active one (requested -> active):
  custom:graphics/normal-map-encoding: 01000000000000000000000000000000 -> 02000000000000000000000000000000
========================================================================
Received Import Request.
  Time since last request: 1167.850169 seconds.
  path: Assets/Prefabs/Hands/maini.fbx
  artifactKey: Guid(fe3d651806d48e94f98eae80117a49a6) Importer(815301076,1909f56bfc062723c751e8b465ee728b)
Start importing Assets/Prefabs/Hands/maini.fbx using Guid(fe3d651806d48e94f98eae80117a49a6) Importer(815301076,1909f56bfc062723c751e8b465ee728b)  -> (artifact id: '651cf639e793437c43496ba956c472e4') in 0.535233 seconds 
========================================================================
Received Import Request.
  Time since last request: 0.398482 seconds.
  path: Assets/Prefabs/Hands/maini.fbx
  artifactKey: Guid(fe3d651806d48e94f98eae80117a49a6) Importer(815301076,1909f56bfc062723c751e8b465ee728b)
Start importing Assets/Prefabs/Hands/maini.fbx using Guid(fe3d651806d48e94f98eae80117a49a6) Importer(815301076,1909f56bfc062723c751e8b465ee728b)  -> (artifact id: 'e66b2dce9e6d9ce3c431cb0f48518732') in 0.136824 seconds 
========================================================================
Received Prepare
Registering precompiled user dll's ...
Registered in 0.003412 seconds.
Begin MonoManager ReloadAssembly
Native extension for WindowsStandalone target not found
Native extension for WebGL target not found
Refreshing native plugins compatible for Editor in 0.80 ms, found 4 plugins.
Preloading 1 native plugins for Editor in 0.07 ms.
NullReferenceException: Object reference not set to an instance of an object
  at Unity.XR.Oculus.OculusLoader.AssetPathToAbsolutePath (System.String assetPath) [0x00048] in E:\Users\OneDrive\Documents\Unity\AOT_Trial\Library\PackageCache\com.unity.xr.oculus@1.9.1\Runtime\OculusLoader.cs:249 
  at Unity.XR.Oculus.OculusLoader.EditorLoadOVRPlugin () [0x0007b] in E:\Users\OneDrive\Documents\Unity\AOT_Trial\Library\PackageCache\com.unity.xr.oculus@1.9.1\Runtime\OculusLoader.cs:234 

(Filename: Library/PackageCache/com.unity.xr.oculus@1.9.1/Runtime/OculusLoader.cs Line: 249)

Mono: successfully reloaded assembly
- Completed reload, in  1.183 seconds
Platform modules already initialized, skipping
Switching build target platform(19) subTarget(0) extendedPlatform(0) -> platform(13) subTarget(524294) extendedPlatform(0)
Refreshing native plugins compatible for Editor in 0.84 ms, found 4 plugins.
Preloading 1 native plugins for Editor in 0.06 ms.
Unloading 3377 Unused Serialized files (Serialized files now loaded: 0)
System memory in use before: 174.7 MB.
System memory in use after: 174.9 MB.

Unloading 11 unused Assets to reduce memory usage. Loaded Objects now: 4004.
Total: 4.481500 ms (FindLiveObjects: 0.433400 ms CreateObjectMapping: 0.271500 ms MarkObjects: 3.693500 ms  DeleteObjects: 0.080500 ms)

AssetImportParameters requested are different than current active one (requested -> active):
  custom:graphics/normal-map-encoding: 01000000000000000000000000000000 -> 02000000000000000000000000000000
========================================================================
Received Prepare
Registering precompiled user dll's ...
Registered in 0.004734 seconds.
Begin MonoManager ReloadAssembly
Native extension for WindowsStandalone target not found
Native extension for WebGL target not found
Refreshing native plugins compatible for Editor in 0.93 ms, found 4 plugins.
Preloading 1 native plugins for Editor in 0.08 ms.
NullReferenceException: Object reference not set to an instance of an object
  at Unity.XR.Oculus.OculusLoader.AssetPathToAbsolutePath (System.String assetPath) [0x00048] in E:\Users\OneDrive\Documents\Unity\AOT_Trial\Library\PackageCache\com.unity.xr.oculus@1.9.1\Runtime\OculusLoader.cs:249 
  at Unity.XR.Oculus.OculusLoader.EditorLoadOVRPlugin () [0x0007b] in E:\Users\OneDrive\Documents\Unity\AOT_Trial\Library\PackageCache\com.unity.xr.oculus@1.9.1\Runtime\OculusLoader.cs:234 

(Filename: Library/PackageCache/com.unity.xr.oculus@1.9.1/Runtime/OculusLoader.cs Line: 249)

Mono: successfully reloaded assembly
- Completed reload, in  2.678 seconds
Platform modules already initialized, skipping
Switching build target platform(19) subTarget(0) extendedPlatform(0) -> platform(13) subTarget(524294) extendedPlatform(0)
Refreshing native plugins compatible for Editor in 0.92 ms, found 4 plugins.
Preloading 1 native plugins for Editor in 0.06 ms.
Unloading 3377 Unused Serialized files (Serialized files now loaded: 0)
System memory in use before: 174.7 MB.
System memory in use after: 174.9 MB.

Unloading 11 unused Assets to reduce memory usage. Loaded Objects now: 4008.
Total: 2.785600 ms (FindLiveObjects: 0.329700 ms CreateObjectMapping: 0.175400 ms MarkObjects: 2.228600 ms  DeleteObjects: 0.050500 ms)

AssetImportParameters requested are different than current active one (requested -> active):
  custom:graphics/normal-map-encoding: 01000000000000000000000000000000 -> 02000000000000000000000000000000
========================================================================
Received Import Request.
  Time since last request: 273.552970 seconds.
  path: Assets/Prefabs/Hands/maini.fbx
  artifactKey: Guid(fe3d651806d48e94f98eae80117a49a6) Importer(815301076,1909f56bfc062723c751e8b465ee728b)
Start importing Assets/Prefabs/Hands/maini.fbx using Guid(fe3d651806d48e94f98eae80117a49a6) Importer(815301076,1909f56bfc062723c751e8b465ee728b)  -> (artifact id: 'faedf6fbb2b3af56b0076be696c6adfd') in 0.145802 seconds 
========================================================================
Received Prepare
Registering precompiled user dll's ...
Registered in 0.005632 seconds.
Begin MonoManager ReloadAssembly
Native extension for WindowsStandalone target not found
Native extension for WebGL target not found
Refreshing native plugins compatible for Editor in 0.75 ms, found 4 plugins.
Preloading 1 native plugins for Editor in 0.06 ms.
NullReferenceException: Object reference not set to an instance of an object
  at Unity.XR.Oculus.OculusLoader.AssetPathToAbsolutePath (System.String assetPath) [0x00048] in E:\Users\OneDrive\Documents\Unity\AOT_Trial\Library\PackageCache\com.unity.xr.oculus@1.9.1\Runtime\OculusLoader.cs:249 
  at Unity.XR.Oculus.OculusLoader.EditorLoadOVRPlugin () [0x0007b] in E:\Users\OneDrive\Documents\Unity\AOT_Trial\Library\PackageCache\com.unity.xr.oculus@1.9.1\Runtime\OculusLoader.cs:234 

(Filename: Library/PackageCache/com.unity.xr.oculus@1.9.1/Runtime/OculusLoader.cs Line: 249)

Mono: successfully reloaded assembly
- Completed reload, in  1.097 seconds
Platform modules already initialized, skipping
Switching build target platform(19) subTarget(0) extendedPlatform(0) -> platform(13) subTarget(524294) extendedPlatform(0)
Refreshing native plugins compatible for Editor in 0.82 ms, found 4 plugins.
Preloading 1 native plugins for Editor in 0.06 ms.
Unloading 3377 Unused Serialized files (Serialized files now loaded: 0)
System memory in use before: 174.7 MB.
System memory in use after: 174.9 MB.

Unloading 11 unused Assets to reduce memory usage. Loaded Objects now: 4013.
Total: 2.645000 ms (FindLiveObjects: 0.296800 ms CreateObjectMapping: 0.178500 ms MarkObjects: 2.092100 ms  DeleteObjects: 0.076600 ms)

AssetImportParameters requested are different than current active one (requested -> active):
  custom:graphics/normal-map-encoding: 01000000000000000000000000000000 -> 02000000000000000000000000000000
========================================================================
Received Import Request.
  Time since last request: 24.646975 seconds.
  path: Assets/Prefabs/Hands/maini.fbx
  artifactKey: Guid(fe3d651806d48e94f98eae80117a49a6) Importer(815301076,1909f56bfc062723c751e8b465ee728b)
Start importing Assets/Prefabs/Hands/maini.fbx using Guid(fe3d651806d48e94f98eae80117a49a6) Importer(815301076,1909f56bfc062723c751e8b465ee728b)  -> (artifact id: '2c99e4c1c644085446cf2475fbcfc08f') in 0.105122 seconds 
AssetImportWorkerClient::OnTransportError - code=2 error=End of file
